Thu Sep 11 13:43:57 EDT 2025
credential.helper=osxkeychain
filter.lfs.required=true
filter.lfs.clean=git-lfs clean -- %f
filter.lfs.smudge=git-lfs smudge -- %f
filter.lfs.process=git-lfs filter-process
user.name=Kaden Stone
user.email=kstone0824@gmail.com
init.defaultbranch=main
core.repositoryformatversion=0
core.filemode=true
core.bare=false
core.logallrefupdates=true
core.ignorecase=true
core.precomposeunicode=true
remote.origin.url=https://github.com/kstone4216/cs465-lab0.git
remote.origin.fetch=+refs/heads/*:refs/remotes/origin/*
branch.master.remote=origin
branch.master.merge=refs/heads/master
mycoolsite.onrender.com
https://cs465-lab0-iimr.onrender.com
